<?xml version="1.0" encoding="UTF-8"?>
<TestRun id="78093ca3-78eb-413d-9e03-acd054699f12" name="1197151@NAT1409 2012-03-10 07:44:03" runUser="NAT\1197151" xmlns="http://microsoft.com/schemas/VisualStudio/TeamTest/2010">
  <TestSettings name="Local" id="0a3deafb-a919-4f94-9df5-6cda4eec66d9">
    <Description>These are default test settings for a local test run.</Description>
    <Deployment userDeploymentRoot="H:\pos\08 - analise OO\projeto\prjLocadora2\SistemaLoca\TestResults" useDefaultDeploymentRoot="false" enabled="false" runDeploymentRoot="1197151_NAT1409 2012-03-10 07_44_03">
      <DeploymentItem filename="H:\pos\08 - analise OO\projeto\prjLocadora2\SistemaLoca\SistemaLoca.BusinnesLogic\bin\Debug\SistemaLoca.BusinnesLogic.dll" />
    </Deployment>
    <Execution>
      <TestTypeSpecific />
      <AgentRule name="Execution Agents">
      </AgentRule>
    </Execution>
  </TestSettings>
  <Times creation="2012-03-10T07:44:03.9127201-03:00" queuing="2012-03-10T07:44:07.3221301-03:00" start="2012-03-10T07:44:07.3845302-03:00" finish="2012-03-10T07:45:41.9228093-03:00" />
  <ResultSummary outcome="Error">
    <Counters total="4" executed="1" error="0" failed="0" timeout="0" aborted="1" inconclusive="0" passedButRunAborted="0" notRunnable="0" notExecuted="3" disconnected="0" warning="0" passed="0" completed="0" inProgress="0" pending="0" />
    <RunInfos>
      <RunInfo computerName="NAT1409" outcome="Error" timestamp="2012-03-10T07:45:41.9072093-03:00">
        <Text>Test host process exited unexpectedly.</Text>
      </RunInfo>
    </RunInfos>
  </ResultSummary>
  <TestDefinitions>
    <UnitTest name="RemoverFilmeTeste" storage="h:\pos\08 - analise oo\projeto\prjlocadora2\sistemaloca\sistemaloca.businneslogic.teste\bin\debug\sistemaloca.businneslogic.teste.dll" id="c20d63fb-5063-ddc9-65c2-a7e6815a3756">
      <Execution id="87267e49-f1e8-42d0-a6a0-c57344a89a20" />
      <TestMethod codeBase="H:/pos/08 - analise OO/projeto/prjLocadora2/SistemaLoca/SistemaLoca.BusinnesLogic.Teste/bin/Debug/SistemaLoca.BusinnesLogic.Teste.DLL" adapterTypeName="Microsoft.VisualStudio.TestTools.TestTypes.Unit.UnitTestAdapter, Microsoft.VisualStudio.QualityTools.Tips.UnitTest.Adapter, Version=10.0.0.0, Culture=neutral, PublicKeyToken=b03f5f7f11d50a3a" className="SistemaLoca.BusinnesLogic.Teste.FilmeTeste, SistemaLoca.BusinnesLogic.Teste, Version=1.0.0.0, Culture=neutral, PublicKeyToken=null" name="RemoverFilmeTeste" />
    </UnitTest>
    <UnitTest name="InserirFilmeTeste" storage="h:\pos\08 - analise oo\projeto\prjlocadora2\sistemaloca\sistemaloca.businneslogic.teste\bin\debug\sistemaloca.businneslogic.teste.dll" id="a97a00e4-0e8f-7abb-5b96-b3b4ef73d13c">
      <Execution id="d3a2be80-7bd9-46bc-94ad-56ab6cacd726" />
      <TestMethod codeBase="H:/pos/08 - analise OO/projeto/prjLocadora2/SistemaLoca/SistemaLoca.BusinnesLogic.Teste/bin/Debug/SistemaLoca.BusinnesLogic.Teste.DLL" adapterTypeName="Microsoft.VisualStudio.TestTools.TestTypes.Unit.UnitTestAdapter, Microsoft.VisualStudio.QualityTools.Tips.UnitTest.Adapter, Version=10.0.0.0, Culture=neutral, PublicKeyToken=b03f5f7f11d50a3a" className="SistemaLoca.BusinnesLogic.Teste.FilmeTeste, SistemaLoca.BusinnesLogic.Teste, Version=1.0.0.0, Culture=neutral, PublicKeyToken=null" name="InserirFilmeTeste" />
    </UnitTest>
    <UnitTest name="ConsultarFilmePorIdTeste" storage="h:\pos\08 - analise oo\projeto\prjlocadora2\sistemaloca\sistemaloca.businneslogic.teste\bin\debug\sistemaloca.businneslogic.teste.dll" id="a9eb9ad8-2dcd-5488-c554-b1353bd46ba8">
      <Execution id="427ca5ad-d1e8-463b-a4aa-a59f61f8603a" />
      <TestMethod codeBase="H:/pos/08 - analise OO/projeto/prjLocadora2/SistemaLoca/SistemaLoca.BusinnesLogic.Teste/bin/Debug/SistemaLoca.BusinnesLogic.Teste.DLL" adapterTypeName="Microsoft.VisualStudio.TestTools.TestTypes.Unit.UnitTestAdapter, Microsoft.VisualStudio.QualityTools.Tips.UnitTest.Adapter, Version=10.0.0.0, Culture=neutral, PublicKeyToken=b03f5f7f11d50a3a" className="SistemaLoca.BusinnesLogic.Teste.FilmeTeste, SistemaLoca.BusinnesLogic.Teste, Version=1.0.0.0, Culture=neutral, PublicKeyToken=null" name="ConsultarFilmePorIdTeste" />
    </UnitTest>
    <UnitTest name="AtualizarFilmeTeste" storage="h:\pos\08 - analise oo\projeto\prjlocadora2\sistemaloca\sistemaloca.businneslogic.teste\bin\debug\sistemaloca.businneslogic.teste.dll" id="90f29b99-d62c-356e-4b2e-273dcc86a936">
      <Execution id="4b509749-3d53-48d3-b21c-fc0968974c21" />
      <TestMethod codeBase="H:/pos/08 - analise OO/projeto/prjLocadora2/SistemaLoca/SistemaLoca.BusinnesLogic.Teste/bin/Debug/SistemaLoca.BusinnesLogic.Teste.DLL" adapterTypeName="Microsoft.VisualStudio.TestTools.TestTypes.Unit.UnitTestAdapter, Microsoft.VisualStudio.QualityTools.Tips.UnitTest.Adapter, Version=10.0.0.0, Culture=neutral, PublicKeyToken=b03f5f7f11d50a3a" className="SistemaLoca.BusinnesLogic.Teste.FilmeTeste, SistemaLoca.BusinnesLogic.Teste, Version=1.0.0.0, Culture=neutral, PublicKeyToken=null" name="AtualizarFilmeTeste" />
    </UnitTest>
  </TestDefinitions>
  <TestLists>
    <TestList name="Results Not in a List" id="8c84fa94-04c1-424b-9868-57a2d4851a1d" />
    <TestList name="All Loaded Results" id="19431567-8539-422a-85d7-44ee4e166bda" />
  </TestLists>
  <TestEntries>
    <TestEntry testId="a97a00e4-0e8f-7abb-5b96-b3b4ef73d13c" executionId="d3a2be80-7bd9-46bc-94ad-56ab6cacd726" testListId="8c84fa94-04c1-424b-9868-57a2d4851a1d" />
    <TestEntry testId="90f29b99-d62c-356e-4b2e-273dcc86a936" executionId="4b509749-3d53-48d3-b21c-fc0968974c21" testListId="8c84fa94-04c1-424b-9868-57a2d4851a1d" />
    <TestEntry testId="a9eb9ad8-2dcd-5488-c554-b1353bd46ba8" executionId="427ca5ad-d1e8-463b-a4aa-a59f61f8603a" testListId="8c84fa94-04c1-424b-9868-57a2d4851a1d" />
    <TestEntry testId="c20d63fb-5063-ddc9-65c2-a7e6815a3756" executionId="87267e49-f1e8-42d0-a6a0-c57344a89a20" testListId="8c84fa94-04c1-424b-9868-57a2d4851a1d" />
  </TestEntries>
  <Results>
    <UnitTestResult executionId="d3a2be80-7bd9-46bc-94ad-56ab6cacd726" testId="a97a00e4-0e8f-7abb-5b96-b3b4ef73d13c" testName="InserirFilmeTeste" computerName="NAT1409" duration="00:01:34.4290790" startTime="2012-03-10T07:44:07.4781303-03:00" endTime="2012-03-10T07:45:41.9072093-03:00" testType="13cdc9d9-ddb5-4fa4-a97d-d965ccfc6d4b" outcome="Aborted" testListId="8c84fa94-04c1-424b-9868-57a2d4851a1d" relativeResultsDirectory="d3a2be80-7bd9-46bc-94ad-56ab6cacd726">
    </UnitTestResult>
    <UnitTestResult executionId="4b509749-3d53-48d3-b21c-fc0968974c21" testId="90f29b99-d62c-356e-4b2e-273dcc86a936" testName="AtualizarFilmeTeste" computerName="NAT1409" testType="13cdc9d9-ddb5-4fa4-a97d-d965ccfc6d4b" outcome="NotExecuted" testListId="8c84fa94-04c1-424b-9868-57a2d4851a1d" relativeResultsDirectory="4b509749-3d53-48d3-b21c-fc0968974c21">
    </UnitTestResult>
    <UnitTestResult executionId="427ca5ad-d1e8-463b-a4aa-a59f61f8603a" testId="a9eb9ad8-2dcd-5488-c554-b1353bd46ba8" testName="ConsultarFilmePorIdTeste" computerName="NAT1409" testType="13cdc9d9-ddb5-4fa4-a97d-d965ccfc6d4b" outcome="NotExecuted" testListId="8c84fa94-04c1-424b-9868-57a2d4851a1d" relativeResultsDirectory="427ca5ad-d1e8-463b-a4aa-a59f61f8603a">
    </UnitTestResult>
    <UnitTestResult executionId="87267e49-f1e8-42d0-a6a0-c57344a89a20" testId="c20d63fb-5063-ddc9-65c2-a7e6815a3756" testName="RemoverFilmeTeste" computerName="NAT1409" testType="13cdc9d9-ddb5-4fa4-a97d-d965ccfc6d4b" outcome="NotExecuted" testListId="8c84fa94-04c1-424b-9868-57a2d4851a1d" relativeResultsDirectory="87267e49-f1e8-42d0-a6a0-c57344a89a20">
    </UnitTestResult>
  </Results>
</TestRun>