<?xml version="1.0" encoding="UTF-8"?>
<TestRun id="f190434d-b2e8-4b40-bbf8-91cc154b3a46" name="apoio@DES60-DGM 2012-04-03 23:06:47" runUser="des60-dgm\apoio" xmlns="http://microsoft.com/schemas/VisualStudio/TeamTest/2010">
  <TestSettings name="Local" id="0a3deafb-a919-4f94-9df5-6cda4eec66d9">
    <Description>These are default test settings for a local test run.</Description>
    <Deployment enabled="false" runDeploymentRoot="apoio_DES60-DGM 2012-04-03 23_06_47">
      <DeploymentItem filename="D:\el\locadora\SistemaLoca\SistemaLoca.BusinnesLogic\bin\Debug\SistemaLoca.BusinnesLogic.dll" />
    </Deployment>
    <Execution>
      <TestTypeSpecific />
      <AgentRule name="Execution Agents">
      </AgentRule>
    </Execution>
  </TestSettings>
  <Times creation="2012-04-03T23:06:47.6224309-03:00" queuing="2012-04-03T23:06:49.7975553-03:00" start="2012-04-03T23:06:49.9165621-03:00" finish="2012-04-03T23:08:50.7374727-03:00" />
  <ResultSummary outcome="Failed">
    <Counters total="5" executed="5" passed="4" error="0" failed="1" timeout="0" aborted="0" inconclusive="0" passedButRunAborted="0" notRunnable="0" notExecuted="0" disconnected="0" warning="0" completed="0" inProgress="0" pending="0" />
  </ResultSummary>
  <TestDefinitions>
    <UnitTest name="RemoverFilmeTeste" storage="d:\el\locadora\sistemaloca\sistemaloca.businneslogic.teste\bin\debug\sistemaloca.businneslogic.teste.dll" id="c20d63fb-5063-ddc9-65c2-a7e6815a3756">
      <Execution id="ebee0189-f0d1-4f07-8cb6-1ba9ae10b82b" />
      <TestMethod codeBase="D:/el/locadora/SistemaLoca/SistemaLoca.BusinnesLogic.Teste/bin/Debug/SistemaLoca.BusinnesLogic.Teste.DLL" adapterTypeName="Microsoft.VisualStudio.TestTools.TestTypes.Unit.UnitTestAdapter, Microsoft.VisualStudio.QualityTools.Tips.UnitTest.Adapter, Version=10.0.0.0, Culture=neutral, PublicKeyToken=b03f5f7f11d50a3a" className="SistemaLoca.BusinnesLogic.Teste.FilmeTeste, SistemaLoca.BusinnesLogic.Teste, Version=1.0.0.0, Culture=neutral, PublicKeyToken=null" name="RemoverFilmeTeste" />
    </UnitTest>
    <UnitTest name="InserirFilmeTeste" storage="d:\el\locadora\sistemaloca\sistemaloca.businneslogic.teste\bin\debug\sistemaloca.businneslogic.teste.dll" id="a97a00e4-0e8f-7abb-5b96-b3b4ef73d13c">
      <Execution id="e3537247-c0f4-4622-8452-2ffa859455ea" />
      <TestMethod codeBase="D:/el/locadora/SistemaLoca/SistemaLoca.BusinnesLogic.Teste/bin/Debug/SistemaLoca.BusinnesLogic.Teste.DLL" adapterTypeName="Microsoft.VisualStudio.TestTools.TestTypes.Unit.UnitTestAdapter, Microsoft.VisualStudio.QualityTools.Tips.UnitTest.Adapter, Version=10.0.0.0, Culture=neutral, PublicKeyToken=b03f5f7f11d50a3a" className="SistemaLoca.BusinnesLogic.Teste.FilmeTeste, SistemaLoca.BusinnesLogic.Teste, Version=1.0.0.0, Culture=neutral, PublicKeyToken=null" name="InserirFilmeTeste" />
    </UnitTest>
    <UnitTest name="ConsultarFilmePorIdTeste" storage="d:\el\locadora\sistemaloca\sistemaloca.businneslogic.teste\bin\debug\sistemaloca.businneslogic.teste.dll" id="a9eb9ad8-2dcd-5488-c554-b1353bd46ba8">
      <Execution id="daa7a5a8-c8db-467a-89d3-6ecf715d9623" />
      <TestMethod codeBase="D:/el/locadora/SistemaLoca/SistemaLoca.BusinnesLogic.Teste/bin/Debug/SistemaLoca.BusinnesLogic.Teste.DLL" adapterTypeName="Microsoft.VisualStudio.TestTools.TestTypes.Unit.UnitTestAdapter, Microsoft.VisualStudio.QualityTools.Tips.UnitTest.Adapter, Version=10.0.0.0, Culture=neutral, PublicKeyToken=b03f5f7f11d50a3a" className="SistemaLoca.BusinnesLogic.Teste.FilmeTeste, SistemaLoca.BusinnesLogic.Teste, Version=1.0.0.0, Culture=neutral, PublicKeyToken=null" name="ConsultarFilmePorIdTeste" />
    </UnitTest>
    <UnitTest name="AtualizarFilmeTeste" storage="d:\el\locadora\sistemaloca\sistemaloca.businneslogic.teste\bin\debug\sistemaloca.businneslogic.teste.dll" id="90f29b99-d62c-356e-4b2e-273dcc86a936">
      <Execution id="de9d6fc0-a7c8-43e0-bc52-e32f44ca8c6d" />
      <TestMethod codeBase="D:/el/locadora/SistemaLoca/SistemaLoca.BusinnesLogic.Teste/bin/Debug/SistemaLoca.BusinnesLogic.Teste.DLL" adapterTypeName="Microsoft.VisualStudio.TestTools.TestTypes.Unit.UnitTestAdapter, Microsoft.VisualStudio.QualityTools.Tips.UnitTest.Adapter, Version=10.0.0.0, Culture=neutral, PublicKeyToken=b03f5f7f11d50a3a" className="SistemaLoca.BusinnesLogic.Teste.FilmeTeste, SistemaLoca.BusinnesLogic.Teste, Version=1.0.0.0, Culture=neutral, PublicKeyToken=null" name="AtualizarFilmeTeste" />
    </UnitTest>
    <UnitTest name="ConsultarFilmePorTituloTeste" storage="d:\el\locadora\sistemaloca\sistemaloca.businneslogic.teste\bin\debug\sistemaloca.businneslogic.teste.dll" id="39e625ce-1dac-a815-adeb-a2aa51b5a253">
      <Execution id="132ad8c6-9453-492a-8a96-bc18b5c2cd24" />
      <TestMethod codeBase="D:/el/locadora/SistemaLoca/SistemaLoca.BusinnesLogic.Teste/bin/Debug/SistemaLoca.BusinnesLogic.Teste.DLL" adapterTypeName="Microsoft.VisualStudio.TestTools.TestTypes.Unit.UnitTestAdapter, Microsoft.VisualStudio.QualityTools.Tips.UnitTest.Adapter, Version=10.0.0.0, Culture=neutral, PublicKeyToken=b03f5f7f11d50a3a" className="SistemaLoca.BusinnesLogic.Teste.FilmeTeste, SistemaLoca.BusinnesLogic.Teste, Version=1.0.0.0, Culture=neutral, PublicKeyToken=null" name="ConsultarFilmePorTituloTeste" />
    </UnitTest>
  </TestDefinitions>
  <TestLists>
    <TestList name="Results Not in a List" id="8c84fa94-04c1-424b-9868-57a2d4851a1d" />
    <TestList name="All Loaded Results" id="19431567-8539-422a-85d7-44ee4e166bda" />
  </TestLists>
  <TestEntries>
    <TestEntry testId="a97a00e4-0e8f-7abb-5b96-b3b4ef73d13c" executionId="e3537247-c0f4-4622-8452-2ffa859455ea" testListId="8c84fa94-04c1-424b-9868-57a2d4851a1d" />
    <TestEntry testId="39e625ce-1dac-a815-adeb-a2aa51b5a253" executionId="132ad8c6-9453-492a-8a96-bc18b5c2cd24" testListId="8c84fa94-04c1-424b-9868-57a2d4851a1d" />
    <TestEntry testId="a9eb9ad8-2dcd-5488-c554-b1353bd46ba8" executionId="daa7a5a8-c8db-467a-89d3-6ecf715d9623" testListId="8c84fa94-04c1-424b-9868-57a2d4851a1d" />
    <TestEntry testId="90f29b99-d62c-356e-4b2e-273dcc86a936" executionId="de9d6fc0-a7c8-43e0-bc52-e32f44ca8c6d" testListId="8c84fa94-04c1-424b-9868-57a2d4851a1d" />
    <TestEntry testId="c20d63fb-5063-ddc9-65c2-a7e6815a3756" executionId="ebee0189-f0d1-4f07-8cb6-1ba9ae10b82b" testListId="8c84fa94-04c1-424b-9868-57a2d4851a1d" />
  </TestEntries>
  <Results>
    <UnitTestResult executionId="e3537247-c0f4-4622-8452-2ffa859455ea" testId="a97a00e4-0e8f-7abb-5b96-b3b4ef73d13c" testName="InserirFilmeTeste" computerName="DES60-DGM" duration="00:00:09.3527320" startTime="2012-04-03T23:06:49.9975668-03:00" endTime="2012-04-03T23:07:00.4681657-03:00" testType="13cdc9d9-ddb5-4fa4-a97d-d965ccfc6d4b" outcome="Passed" testListId="8c84fa94-04c1-424b-9868-57a2d4851a1d" relativeResultsDirectory="e3537247-c0f4-4622-8452-2ffa859455ea">
    </UnitTestResult>
    <UnitTestResult executionId="132ad8c6-9453-492a-8a96-bc18b5c2cd24" testId="39e625ce-1dac-a815-adeb-a2aa51b5a253" testName="ConsultarFilmePorTituloTeste" computerName="DES60-DGM" duration="00:00:01.2830008" startTime="2012-04-03T23:07:00.4871668-03:00" endTime="2012-04-03T23:07:01.7872411-03:00" testType="13cdc9d9-ddb5-4fa4-a97d-d965ccfc6d4b" outcome="Passed" testListId="8c84fa94-04c1-424b-9868-57a2d4851a1d" relativeResultsDirectory="132ad8c6-9453-492a-8a96-bc18b5c2cd24">
    </UnitTestResult>
    <UnitTestResult executionId="daa7a5a8-c8db-467a-89d3-6ecf715d9623" testId="a9eb9ad8-2dcd-5488-c554-b1353bd46ba8" testName="ConsultarFilmePorIdTeste" computerName="DES60-DGM" duration="00:00:00.3176560" startTime="2012-04-03T23:07:01.8052421-03:00" endTime="2012-04-03T23:07:02.1482618-03:00" testType="13cdc9d9-ddb5-4fa4-a97d-d965ccfc6d4b" outcome="Passed" testListId="8c84fa94-04c1-424b-9868-57a2d4851a1d" relativeResultsDirectory="daa7a5a8-c8db-467a-89d3-6ecf715d9623">
    </UnitTestResult>
    <UnitTestResult executionId="de9d6fc0-a7c8-43e0-bc52-e32f44ca8c6d" testId="90f29b99-d62c-356e-4b2e-273dcc86a936" testName="AtualizarFilmeTeste" computerName="DES60-DGM" duration="00:00:00.0345461" startTime="2012-04-03T23:07:02.1622626-03:00" endTime="2012-04-03T23:07:02.2092652-03:00" testType="13cdc9d9-ddb5-4fa4-a97d-d965ccfc6d4b" outcome="Passed" testListId="8c84fa94-04c1-424b-9868-57a2d4851a1d" relativeResultsDirectory="de9d6fc0-a7c8-43e0-bc52-e32f44ca8c6d">
    </UnitTestResult>
    <UnitTestResult executionId="ebee0189-f0d1-4f07-8cb6-1ba9ae10b82b" testId="c20d63fb-5063-ddc9-65c2-a7e6815a3756" testName="RemoverFilmeTeste" computerName="DES60-DGM" duration="00:01:48.2478152" startTime="2012-04-03T23:07:02.2182658-03:00" endTime="2012-04-03T23:08:50.4804580-03:00" testType="13cdc9d9-ddb5-4fa4-a97d-d965ccfc6d4b" outcome="Failed" testListId="8c84fa94-04c1-424b-9868-57a2d4851a1d" relativeResultsDirectory="ebee0189-f0d1-4f07-8cb6-1ba9ae10b82b">
      <Output>
        <ErrorInfo>
          <Message>Test method SistemaLoca.BusinnesLogic.Teste.FilmeTeste.RemoverFilmeTeste threw exception: 
System.Data.Entity.Infrastructure.DbUpdateException: An error occurred while updating the entries. See the inner exception for details. ---&gt; System.Data.UpdateException: An error occurred while updating the entries. See the inner exception for details. ---&gt; System.Data.SqlClient.SqlException: The DELETE statement conflicted with the REFERENCE constraint "ItemFilme_Filme". The conflict occurred in database "SistemaLocadora", table "dbo.ItemFilmes", column 'Filme_Id'.
The statement has been terminated.</Message>
          <StackTrace>    at System.Data.SqlClient.SqlConnection.OnError(SqlException exception, Boolean breakConnection)
   at System.Data.SqlClient.SqlInternalConnection.OnError(SqlException exception, Boolean breakConnection)
   at System.Data.SqlClient.TdsParser.ThrowExceptionAndWarning()
   at System.Data.SqlClient.TdsParser.Run(RunBehavior runBehavior, SqlCommand cmdHandler, SqlDataReader dataStream, BulkCopySimpleResultSet bulkCopyHandler, TdsParserStateObject stateObj)
   at System.Data.SqlClient.SqlCommand.FinishExecuteReader(SqlDataReader ds, RunBehavior runBehavior, String resetOptionsString)
   at System.Data.SqlClient.SqlCommand.RunExecuteReaderTds(CommandBehavior cmdBehavior, RunBehavior runBehavior, Boolean returnStream, Boolean async)
   at System.Data.SqlClient.SqlCommand.RunExecuteReader(CommandBehavior cmdBehavior, RunBehavior runBehavior, Boolean returnStream, String method, DbAsyncResult result)
   at System.Data.SqlClient.SqlCommand.InternalExecuteNonQuery(DbAsyncResult result, String methodName, Boolean sendToPipe)
   at System.Data.SqlClient.SqlCommand.ExecuteNonQuery()
   at System.Data.Mapping.Update.Internal.DynamicUpdateCommand.Execute(UpdateTranslator translator, EntityConnection connection, Dictionary`2 identifierValues, List`1 generatedValues)
   at System.Data.Mapping.Update.Internal.UpdateTranslator.Update(IEntityStateManager stateManager, IEntityAdapter adapter)
 --- End of inner exception stack trace ---
    at System.Data.Mapping.Update.Internal.UpdateTranslator.Update(IEntityStateManager stateManager, IEntityAdapter adapter)
   at System.Data.EntityClient.EntityAdapter.Update(IEntityStateManager entityCache)
   at System.Data.Objects.ObjectContext.SaveChanges(SaveOptions options)
   at System.Data.Entity.Internal.InternalContext.SaveChanges()
 --- End of inner exception stack trace ---
    at System.Data.Entity.Internal.InternalContext.SaveChanges()
   at System.Data.Entity.Internal.LazyInternalContext.SaveChanges()
   at System.Data.Entity.DbContext.SaveChanges()
   at SistemaLoca.BusinnesLogic.Repositorio.UnitOfWork.Save() in D:\el\locadora\SistemaLoca\SistemaLoca.BusinnesLogic\Repositorio\UnitOfWork.cs:line 33
   at SistemaLoca.BusinnesLogic.Teste.FilmeTeste.RemoverFilmeTeste() in D:\el\locadora\SistemaLoca\SistemaLoca.BusinnesLogic.Teste\FilmeTeste.cs:line 80
</StackTrace>
        </ErrorInfo>
      </Output>
    </UnitTestResult>
  </Results>
</TestRun>