<?xml version="1.0" encoding="UTF-8"?>
<TestRun id="27273c96-37a0-4647-b924-a841bac7ead1" name="apoio@DES60-DGM 2012-04-03 23:26:48" runUser="des60-dgm\apoio" xmlns="http://microsoft.com/schemas/VisualStudio/TeamTest/2010">
  <TestSettings name="Local" id="0a3deafb-a919-4f94-9df5-6cda4eec66d9">
    <Description>These are default test settings for a local test run.</Description>
    <Deployment enabled="false" runDeploymentRoot="apoio_DES60-DGM 2012-04-03 23_26_48">
      <DeploymentItem filename="D:\el\locadora\SistemaLoca\SistemaLoca.BusinnesLogic\bin\Debug\SistemaLoca.BusinnesLogic.dll" />
    </Deployment>
    <Execution>
      <TestTypeSpecific />
      <AgentRule name="Execution Agents">
      </AgentRule>
    </Execution>
  </TestSettings>
  <Times creation="2012-04-03T23:26:48.8691383-03:00" queuing="2012-04-03T23:26:51.1382681-03:00" start="2012-04-03T23:26:51.2852765-03:00" finish="2012-04-03T23:28:55.7713967-03:00" />
  <ResultSummary outcome="Error">
    <Counters total="5" executed="5" passed="4" error="0" failed="0" timeout="0" aborted="1" inconclusive="0" passedButRunAborted="0" notRunnable="0" notExecuted="0" disconnected="0" warning="0" completed="0" inProgress="0" pending="0" />
    <RunInfos>
      <RunInfo computerName="DES60-DGM" outcome="Error" timestamp="2012-04-03T23:28:55.7613961-03:00">
        <Text>Test host process exited unexpectedly.</Text>
      </RunInfo>
    </RunInfos>
  </ResultSummary>
  <TestDefinitions>
    <UnitTest name="RemoverFilmeTeste" storage="d:\el\locadora\sistemaloca\sistemaloca.businneslogic.teste\bin\debug\sistemaloca.businneslogic.teste.dll" id="c20d63fb-5063-ddc9-65c2-a7e6815a3756">
      <Execution id="9698d340-0c37-40cf-a86d-54e8b3314147" />
      <TestMethod codeBase="D:/el/locadora/SistemaLoca/SistemaLoca.BusinnesLogic.Teste/bin/Debug/SistemaLoca.BusinnesLogic.Teste.DLL" adapterTypeName="Microsoft.VisualStudio.TestTools.TestTypes.Unit.UnitTestAdapter, Microsoft.VisualStudio.QualityTools.Tips.UnitTest.Adapter, Version=10.0.0.0, Culture=neutral, PublicKeyToken=b03f5f7f11d50a3a" className="SistemaLoca.BusinnesLogic.Teste.FilmeTeste, SistemaLoca.BusinnesLogic.Teste, Version=1.0.0.0, Culture=neutral, PublicKeyToken=null" name="RemoverFilmeTeste" />
    </UnitTest>
    <UnitTest name="InserirFilmeTeste" storage="d:\el\locadora\sistemaloca\sistemaloca.businneslogic.teste\bin\debug\sistemaloca.businneslogic.teste.dll" id="a97a00e4-0e8f-7abb-5b96-b3b4ef73d13c">
      <Execution id="b7ac93ab-5187-4140-b320-75b20cc814e6" />
      <TestMethod codeBase="D:/el/locadora/SistemaLoca/SistemaLoca.BusinnesLogic.Teste/bin/Debug/SistemaLoca.BusinnesLogic.Teste.DLL" adapterTypeName="Microsoft.VisualStudio.TestTools.TestTypes.Unit.UnitTestAdapter, Microsoft.VisualStudio.QualityTools.Tips.UnitTest.Adapter, Version=10.0.0.0, Culture=neutral, PublicKeyToken=b03f5f7f11d50a3a" className="SistemaLoca.BusinnesLogic.Teste.FilmeTeste, SistemaLoca.BusinnesLogic.Teste, Version=1.0.0.0, Culture=neutral, PublicKeyToken=null" name="InserirFilmeTeste" />
    </UnitTest>
    <UnitTest name="ConsultarFilmePorIdTeste" storage="d:\el\locadora\sistemaloca\sistemaloca.businneslogic.teste\bin\debug\sistemaloca.businneslogic.teste.dll" id="a9eb9ad8-2dcd-5488-c554-b1353bd46ba8">
      <Execution id="d82e5c36-7b79-45fc-be29-96ae73fcb23f" />
      <TestMethod codeBase="D:/el/locadora/SistemaLoca/SistemaLoca.BusinnesLogic.Teste/bin/Debug/SistemaLoca.BusinnesLogic.Teste.DLL" adapterTypeName="Microsoft.VisualStudio.TestTools.TestTypes.Unit.UnitTestAdapter, Microsoft.VisualStudio.QualityTools.Tips.UnitTest.Adapter, Version=10.0.0.0, Culture=neutral, PublicKeyToken=b03f5f7f11d50a3a" className="SistemaLoca.BusinnesLogic.Teste.FilmeTeste, SistemaLoca.BusinnesLogic.Teste, Version=1.0.0.0, Culture=neutral, PublicKeyToken=null" name="ConsultarFilmePorIdTeste" />
    </UnitTest>
    <UnitTest name="AtualizarFilmeTeste" storage="d:\el\locadora\sistemaloca\sistemaloca.businneslogic.teste\bin\debug\sistemaloca.businneslogic.teste.dll" id="90f29b99-d62c-356e-4b2e-273dcc86a936">
      <Execution id="a496557b-3311-4e08-bd12-d8a27a1b17c3" />
      <TestMethod codeBase="D:/el/locadora/SistemaLoca/SistemaLoca.BusinnesLogic.Teste/bin/Debug/SistemaLoca.BusinnesLogic.Teste.DLL" adapterTypeName="Microsoft.VisualStudio.TestTools.TestTypes.Unit.UnitTestAdapter, Microsoft.VisualStudio.QualityTools.Tips.UnitTest.Adapter, Version=10.0.0.0, Culture=neutral, PublicKeyToken=b03f5f7f11d50a3a" className="SistemaLoca.BusinnesLogic.Teste.FilmeTeste, SistemaLoca.BusinnesLogic.Teste, Version=1.0.0.0, Culture=neutral, PublicKeyToken=null" name="AtualizarFilmeTeste" />
    </UnitTest>
    <UnitTest name="ConsultarFilmePorTituloTeste" storage="d:\el\locadora\sistemaloca\sistemaloca.businneslogic.teste\bin\debug\sistemaloca.businneslogic.teste.dll" id="39e625ce-1dac-a815-adeb-a2aa51b5a253">
      <Execution id="6d2e7082-2641-46dc-adf1-465143d05d86" />
      <TestMethod codeBase="D:/el/locadora/SistemaLoca/SistemaLoca.BusinnesLogic.Teste/bin/Debug/SistemaLoca.BusinnesLogic.Teste.DLL" adapterTypeName="Microsoft.VisualStudio.TestTools.TestTypes.Unit.UnitTestAdapter, Microsoft.VisualStudio.QualityTools.Tips.UnitTest.Adapter, Version=10.0.0.0, Culture=neutral, PublicKeyToken=b03f5f7f11d50a3a" className="SistemaLoca.BusinnesLogic.Teste.FilmeTeste, SistemaLoca.BusinnesLogic.Teste, Version=1.0.0.0, Culture=neutral, PublicKeyToken=null" name="ConsultarFilmePorTituloTeste" />
    </UnitTest>
  </TestDefinitions>
  <TestLists>
    <TestList name="Results Not in a List" id="8c84fa94-04c1-424b-9868-57a2d4851a1d" />
    <TestList name="All Loaded Results" id="19431567-8539-422a-85d7-44ee4e166bda" />
  </TestLists>
  <TestEntries>
    <TestEntry testId="a97a00e4-0e8f-7abb-5b96-b3b4ef73d13c" executionId="b7ac93ab-5187-4140-b320-75b20cc814e6" testListId="8c84fa94-04c1-424b-9868-57a2d4851a1d" />
    <TestEntry testId="39e625ce-1dac-a815-adeb-a2aa51b5a253" executionId="6d2e7082-2641-46dc-adf1-465143d05d86" testListId="8c84fa94-04c1-424b-9868-57a2d4851a1d" />
    <TestEntry testId="a9eb9ad8-2dcd-5488-c554-b1353bd46ba8" executionId="d82e5c36-7b79-45fc-be29-96ae73fcb23f" testListId="8c84fa94-04c1-424b-9868-57a2d4851a1d" />
    <TestEntry testId="90f29b99-d62c-356e-4b2e-273dcc86a936" executionId="a496557b-3311-4e08-bd12-d8a27a1b17c3" testListId="8c84fa94-04c1-424b-9868-57a2d4851a1d" />
    <TestEntry testId="c20d63fb-5063-ddc9-65c2-a7e6815a3756" executionId="9698d340-0c37-40cf-a86d-54e8b3314147" testListId="8c84fa94-04c1-424b-9868-57a2d4851a1d" />
  </TestEntries>
  <Results>
    <UnitTestResult executionId="b7ac93ab-5187-4140-b320-75b20cc814e6" testId="a97a00e4-0e8f-7abb-5b96-b3b4ef73d13c" testName="InserirFilmeTeste" computerName="DES60-DGM" duration="00:00:01.4777175" startTime="2012-04-03T23:26:51.4112837-03:00" endTime="2012-04-03T23:26:53.9294277-03:00" testType="13cdc9d9-ddb5-4fa4-a97d-d965ccfc6d4b" outcome="Passed" testListId="8c84fa94-04c1-424b-9868-57a2d4851a1d" relativeResultsDirectory="b7ac93ab-5187-4140-b320-75b20cc814e6">
    </UnitTestResult>
    <UnitTestResult executionId="6d2e7082-2641-46dc-adf1-465143d05d86" testId="39e625ce-1dac-a815-adeb-a2aa51b5a253" testName="ConsultarFilmePorTituloTeste" computerName="DES60-DGM" duration="00:00:00.3271058" startTime="2012-04-03T23:26:54.0644355-03:00" endTime="2012-04-03T23:26:54.4054550-03:00" testType="13cdc9d9-ddb5-4fa4-a97d-d965ccfc6d4b" outcome="Passed" testListId="8c84fa94-04c1-424b-9868-57a2d4851a1d" relativeResultsDirectory="6d2e7082-2641-46dc-adf1-465143d05d86">
    </UnitTestResult>
    <UnitTestResult executionId="d82e5c36-7b79-45fc-be29-96ae73fcb23f" testId="a9eb9ad8-2dcd-5488-c554-b1353bd46ba8" testName="ConsultarFilmePorIdTeste" computerName="DES60-DGM" duration="00:00:00.0182991" startTime="2012-04-03T23:26:54.4164556-03:00" endTime="2012-04-03T23:26:54.4494575-03:00" testType="13cdc9d9-ddb5-4fa4-a97d-d965ccfc6d4b" outcome="Passed" testListId="8c84fa94-04c1-424b-9868-57a2d4851a1d" relativeResultsDirectory="d82e5c36-7b79-45fc-be29-96ae73fcb23f">
    </UnitTestResult>
    <UnitTestResult executionId="a496557b-3311-4e08-bd12-d8a27a1b17c3" testId="90f29b99-d62c-356e-4b2e-273dcc86a936" testName="AtualizarFilmeTeste" computerName="DES60-DGM" duration="00:00:00.1694511" startTime="2012-04-03T23:26:54.4604581-03:00" endTime="2012-04-03T23:26:54.6424685-03:00" testType="13cdc9d9-ddb5-4fa4-a97d-d965ccfc6d4b" outcome="Passed" testListId="8c84fa94-04c1-424b-9868-57a2d4851a1d" relativeResultsDirectory="a496557b-3311-4e08-bd12-d8a27a1b17c3">
    </UnitTestResult>
    <UnitTestResult executionId="9698d340-0c37-40cf-a86d-54e8b3314147" testId="c20d63fb-5063-ddc9-65c2-a7e6815a3756" testName="RemoverFilmeTeste" computerName="DES60-DGM" duration="00:02:01.1109271" startTime="2012-04-03T23:26:54.6604696-03:00" endTime="2012-04-03T23:28:55.7713967-03:00" testType="13cdc9d9-ddb5-4fa4-a97d-d965ccfc6d4b" outcome="Aborted" testListId="8c84fa94-04c1-424b-9868-57a2d4851a1d" relativeResultsDirectory="9698d340-0c37-40cf-a86d-54e8b3314147">
    </UnitTestResult>
  </Results>
</TestRun>