<?xml version="1.0" encoding="UTF-8"?>
<TestRun id="6838be09-c9da-48aa-98cb-c013d950da3e" name="apoio@DES60-DGM 2012-03-29 23:04:03" runUser="des60-dgm\apoio" xmlns="http://microsoft.com/schemas/VisualStudio/TeamTest/2010">
  <TestSettings name="Local" id="0a3deafb-a919-4f94-9df5-6cda4eec66d9">
    <Description>These are default test settings for a local test run.</Description>
    <Deployment enabled="false" runDeploymentRoot="apoio_DES60-DGM 2012-03-29 23_04_03">
      <DeploymentItem filename="D:\el\locadora\SistemaLoca\SistemaLoca.BusinnesLogic\bin\Debug\SistemaLoca.BusinnesLogic.dll" />
    </Deployment>
    <Execution>
      <TestTypeSpecific />
      <AgentRule name="Execution Agents">
      </AgentRule>
    </Execution>
  </TestSettings>
  <Times creation="2012-03-29T23:04:03.6178823-03:00" queuing="2012-03-29T23:04:04.8119506-03:00" start="2012-03-29T23:04:04.9249571-03:00" finish="2012-03-29T23:04:31.5174781-03:00" />
  <ResultSummary outcome="Failed">
    <Counters total="5" executed="5" error="0" failed="5" timeout="0" aborted="0" inconclusive="0" passedButRunAborted="0" notRunnable="0" notExecuted="0" disconnected="0" warning="0" passed="0" completed="0" inProgress="0" pending="0" />
  </ResultSummary>
  <TestDefinitions>
    <UnitTest name="RemoverFilmeTeste" storage="d:\el\locadora\sistemaloca\sistemaloca.businneslogic.teste\bin\debug\sistemaloca.businneslogic.teste.dll" id="c20d63fb-5063-ddc9-65c2-a7e6815a3756">
      <Execution id="3082125b-4ab8-4134-873b-dcf4e2c094c3" />
      <TestMethod codeBase="D:/el/locadora/SistemaLoca/SistemaLoca.BusinnesLogic.Teste/bin/Debug/SistemaLoca.BusinnesLogic.Teste.DLL" adapterTypeName="Microsoft.VisualStudio.TestTools.TestTypes.Unit.UnitTestAdapter, Microsoft.VisualStudio.QualityTools.Tips.UnitTest.Adapter, Version=10.0.0.0, Culture=neutral, PublicKeyToken=b03f5f7f11d50a3a" className="SistemaLoca.BusinnesLogic.Teste.FilmeTeste, SistemaLoca.BusinnesLogic.Teste, Version=1.0.0.0, Culture=neutral, PublicKeyToken=null" name="RemoverFilmeTeste" />
    </UnitTest>
    <UnitTest name="InserirFilmeTeste" storage="d:\el\locadora\sistemaloca\sistemaloca.businneslogic.teste\bin\debug\sistemaloca.businneslogic.teste.dll" id="a97a00e4-0e8f-7abb-5b96-b3b4ef73d13c">
      <Execution id="cecb193a-01bc-4d1e-856e-2b8a1ee670be" />
      <TestMethod codeBase="D:/el/locadora/SistemaLoca/SistemaLoca.BusinnesLogic.Teste/bin/Debug/SistemaLoca.BusinnesLogic.Teste.DLL" adapterTypeName="Microsoft.VisualStudio.TestTools.TestTypes.Unit.UnitTestAdapter, Microsoft.VisualStudio.QualityTools.Tips.UnitTest.Adapter, Version=10.0.0.0, Culture=neutral, PublicKeyToken=b03f5f7f11d50a3a" className="SistemaLoca.BusinnesLogic.Teste.FilmeTeste, SistemaLoca.BusinnesLogic.Teste, Version=1.0.0.0, Culture=neutral, PublicKeyToken=null" name="InserirFilmeTeste" />
    </UnitTest>
    <UnitTest name="ConsultarFilmePorIdTeste" storage="d:\el\locadora\sistemaloca\sistemaloca.businneslogic.teste\bin\debug\sistemaloca.businneslogic.teste.dll" id="a9eb9ad8-2dcd-5488-c554-b1353bd46ba8">
      <Execution id="84982122-6ba1-4beb-a882-e85e3aafc175" />
      <TestMethod codeBase="D:/el/locadora/SistemaLoca/SistemaLoca.BusinnesLogic.Teste/bin/Debug/SistemaLoca.BusinnesLogic.Teste.DLL" adapterTypeName="Microsoft.VisualStudio.TestTools.TestTypes.Unit.UnitTestAdapter, Microsoft.VisualStudio.QualityTools.Tips.UnitTest.Adapter, Version=10.0.0.0, Culture=neutral, PublicKeyToken=b03f5f7f11d50a3a" className="SistemaLoca.BusinnesLogic.Teste.FilmeTeste, SistemaLoca.BusinnesLogic.Teste, Version=1.0.0.0, Culture=neutral, PublicKeyToken=null" name="ConsultarFilmePorIdTeste" />
    </UnitTest>
    <UnitTest name="AtualizarFilmeTeste" storage="d:\el\locadora\sistemaloca\sistemaloca.businneslogic.teste\bin\debug\sistemaloca.businneslogic.teste.dll" id="90f29b99-d62c-356e-4b2e-273dcc86a936">
      <Execution id="8e69835f-9ebb-438b-87e9-0d5362d64073" />
      <TestMethod codeBase="D:/el/locadora/SistemaLoca/SistemaLoca.BusinnesLogic.Teste/bin/Debug/SistemaLoca.BusinnesLogic.Teste.DLL" adapterTypeName="Microsoft.VisualStudio.TestTools.TestTypes.Unit.UnitTestAdapter, Microsoft.VisualStudio.QualityTools.Tips.UnitTest.Adapter, Version=10.0.0.0, Culture=neutral, PublicKeyToken=b03f5f7f11d50a3a" className="SistemaLoca.BusinnesLogic.Teste.FilmeTeste, SistemaLoca.BusinnesLogic.Teste, Version=1.0.0.0, Culture=neutral, PublicKeyToken=null" name="AtualizarFilmeTeste" />
    </UnitTest>
    <UnitTest name="ConsultarFilmePorTituloTeste" storage="d:\el\locadora\sistemaloca\sistemaloca.businneslogic.teste\bin\debug\sistemaloca.businneslogic.teste.dll" id="39e625ce-1dac-a815-adeb-a2aa51b5a253">
      <Execution id="ee969404-4d75-44a3-bd22-f6dcb3632230" />
      <TestMethod codeBase="D:/el/locadora/SistemaLoca/SistemaLoca.BusinnesLogic.Teste/bin/Debug/SistemaLoca.BusinnesLogic.Teste.DLL" adapterTypeName="Microsoft.VisualStudio.TestTools.TestTypes.Unit.UnitTestAdapter, Microsoft.VisualStudio.QualityTools.Tips.UnitTest.Adapter, Version=10.0.0.0, Culture=neutral, PublicKeyToken=b03f5f7f11d50a3a" className="SistemaLoca.BusinnesLogic.Teste.FilmeTeste, SistemaLoca.BusinnesLogic.Teste, Version=1.0.0.0, Culture=neutral, PublicKeyToken=null" name="ConsultarFilmePorTituloTeste" />
    </UnitTest>
  </TestDefinitions>
  <TestLists>
    <TestList name="Results Not in a List" id="8c84fa94-04c1-424b-9868-57a2d4851a1d" />
    <TestList name="All Loaded Results" id="19431567-8539-422a-85d7-44ee4e166bda" />
  </TestLists>
  <TestEntries>
    <TestEntry testId="a97a00e4-0e8f-7abb-5b96-b3b4ef73d13c" executionId="cecb193a-01bc-4d1e-856e-2b8a1ee670be" testListId="8c84fa94-04c1-424b-9868-57a2d4851a1d" />
    <TestEntry testId="39e625ce-1dac-a815-adeb-a2aa51b5a253" executionId="ee969404-4d75-44a3-bd22-f6dcb3632230" testListId="8c84fa94-04c1-424b-9868-57a2d4851a1d" />
    <TestEntry testId="a9eb9ad8-2dcd-5488-c554-b1353bd46ba8" executionId="84982122-6ba1-4beb-a882-e85e3aafc175" testListId="8c84fa94-04c1-424b-9868-57a2d4851a1d" />
    <TestEntry testId="90f29b99-d62c-356e-4b2e-273dcc86a936" executionId="8e69835f-9ebb-438b-87e9-0d5362d64073" testListId="8c84fa94-04c1-424b-9868-57a2d4851a1d" />
    <TestEntry testId="c20d63fb-5063-ddc9-65c2-a7e6815a3756" executionId="3082125b-4ab8-4134-873b-dcf4e2c094c3" testListId="8c84fa94-04c1-424b-9868-57a2d4851a1d" />
  </TestEntries>
  <Results>
    <UnitTestResult executionId="cecb193a-01bc-4d1e-856e-2b8a1ee670be" testId="a97a00e4-0e8f-7abb-5b96-b3b4ef73d13c" testName="InserirFilmeTeste" computerName="DES60-DGM" duration="00:00:18.4288132" startTime="2012-03-29T23:04:04.9739599-03:00" endTime="2012-03-29T23:04:24.2990652-03:00" testType="13cdc9d9-ddb5-4fa4-a97d-d965ccfc6d4b" outcome="Failed" testListId="8c84fa94-04c1-424b-9868-57a2d4851a1d" relativeResultsDirectory="cecb193a-01bc-4d1e-856e-2b8a1ee670be">
      <Output>
        <ErrorInfo>
          <Message>Test method SistemaLoca.BusinnesLogic.Teste.FilmeTeste.InserirFilmeTeste threw exception: 
System.Data.Entity.Infrastructure.DbUpdateException: An error occurred while saving entities that do not expose foreign key properties for their relationships. The EntityEntries property will return null because a single entity cannot be identified as the source of the exception. Handling of exceptions while saving can be made easier by exposing foreign key properties in your entity types. See the InnerException for details. ---&gt; System.Data.UpdateException: An error occurred while updating the entries. See the inner exception for details. ---&gt; System.Data.SqlClient.SqlException: The conversion of a datetime2 data type to a datetime data type resulted in an out-of-range value.
The statement has been terminated.</Message>
          <StackTrace>    at System.Data.SqlClient.SqlConnection.OnError(SqlException exception, Boolean breakConnection)
   at System.Data.SqlClient.SqlInternalConnection.OnError(SqlException exception, Boolean breakConnection)
   at System.Data.SqlClient.TdsParser.ThrowExceptionAndWarning()
   at System.Data.SqlClient.TdsParser.Run(RunBehavior runBehavior, SqlCommand cmdHandler, SqlDataReader dataStream, BulkCopySimpleResultSet bulkCopyHandler, TdsParserStateObject stateObj)
   at System.Data.SqlClient.SqlDataReader.ConsumeMetaData()
   at System.Data.SqlClient.SqlDataReader.get_MetaData()
   at System.Data.SqlClient.SqlCommand.FinishExecuteReader(SqlDataReader ds, RunBehavior runBehavior, String resetOptionsString)
   at System.Data.SqlClient.SqlCommand.RunExecuteReaderTds(CommandBehavior cmdBehavior, RunBehavior runBehavior, Boolean returnStream, Boolean async)
   at System.Data.SqlClient.SqlCommand.RunExecuteReader(CommandBehavior cmdBehavior, RunBehavior runBehavior, Boolean returnStream, String method, DbAsyncResult result)
   at System.Data.SqlClient.SqlCommand.RunExecuteReader(CommandBehavior cmdBehavior, RunBehavior runBehavior, Boolean returnStream, String method)
   at System.Data.SqlClient.SqlCommand.ExecuteReader(CommandBehavior behavior, String method)
   at System.Data.SqlClient.SqlCommand.ExecuteDbDataReader(CommandBehavior behavior)
   at System.Data.Common.DbCommand.ExecuteReader(CommandBehavior behavior)
   at System.Data.Mapping.Update.Internal.DynamicUpdateCommand.Execute(UpdateTranslator translator, EntityConnection connection, Dictionary`2 identifierValues, List`1 generatedValues)
   at System.Data.Mapping.Update.Internal.UpdateTranslator.Update(IEntityStateManager stateManager, IEntityAdapter adapter)
 --- End of inner exception stack trace ---
    at System.Data.Mapping.Update.Internal.UpdateTranslator.Update(IEntityStateManager stateManager, IEntityAdapter adapter)
   at System.Data.EntityClient.EntityAdapter.Update(IEntityStateManager entityCache)
   at System.Data.Objects.ObjectContext.SaveChanges(SaveOptions options)
   at System.Data.Entity.Internal.InternalContext.SaveChanges()
 --- End of inner exception stack trace ---
    at System.Data.Entity.Internal.InternalContext.SaveChanges()
   at System.Data.Entity.Internal.LazyInternalContext.SaveChanges()
   at System.Data.Entity.DbContext.SaveChanges()
   at SistemaLoca.BusinnesLogic.Repositorio.UnitOfWork.Save() in D:\el\locadora\SistemaLoca\SistemaLoca.BusinnesLogic\Repositorio\UnitOfWork.cs:line 33
   at SistemaLoca.BusinnesLogic.Teste.FilmeTeste.InserirFilmeTeste() in D:\el\locadora\SistemaLoca\SistemaLoca.BusinnesLogic.Teste\FilmeTeste.cs:line 39
</StackTrace>
        </ErrorInfo>
      </Output>
    </UnitTestResult>
    <UnitTestResult executionId="ee969404-4d75-44a3-bd22-f6dcb3632230" testId="39e625ce-1dac-a815-adeb-a2aa51b5a253" testName="ConsultarFilmePorTituloTeste" computerName="DES60-DGM" duration="00:00:02.1356007" startTime="2012-03-29T23:04:24.3140661-03:00" endTime="2012-03-29T23:04:26.4621889-03:00" testType="13cdc9d9-ddb5-4fa4-a97d-d965ccfc6d4b" outcome="Failed" testListId="8c84fa94-04c1-424b-9868-57a2d4851a1d" relativeResultsDirectory="ee969404-4d75-44a3-bd22-f6dcb3632230">
      <Output>
        <ErrorInfo>
          <Message>Test method SistemaLoca.BusinnesLogic.Teste.FilmeTeste.ConsultarFilmePorTituloTeste threw exception: 
System.InvalidOperationException: Sequence contains no elements</Message>
          <StackTrace>    at System.Linq.Enumerable.First[TSource](IEnumerable`1 source)
   at SistemaLoca.BusinnesLogic.Teste.FilmeTeste.ConsultarFilmePorTituloTeste() in D:\el\locadora\SistemaLoca\SistemaLoca.BusinnesLogic.Teste\FilmeTeste.cs:line 49
</StackTrace>
        </ErrorInfo>
      </Output>
    </UnitTestResult>
    <UnitTestResult executionId="84982122-6ba1-4beb-a882-e85e3aafc175" testId="a9eb9ad8-2dcd-5488-c554-b1353bd46ba8" testName="ConsultarFilmePorIdTeste" computerName="DES60-DGM" duration="00:00:01.6800963" startTime="2012-03-29T23:04:26.4751897-03:00" endTime="2012-03-29T23:04:28.1752869-03:00" testType="13cdc9d9-ddb5-4fa4-a97d-d965ccfc6d4b" outcome="Failed" testListId="8c84fa94-04c1-424b-9868-57a2d4851a1d" relativeResultsDirectory="84982122-6ba1-4beb-a882-e85e3aafc175">
      <Output>
        <ErrorInfo>
          <Message>Test method SistemaLoca.BusinnesLogic.Teste.FilmeTeste.ConsultarFilmePorIdTeste threw exception: 
System.NullReferenceException: Object reference not set to an instance of an object.</Message>
          <StackTrace>    at SistemaLoca.BusinnesLogic.Teste.FilmeTeste.ConsultarFilmePorIdTeste() in D:\el\locadora\SistemaLoca\SistemaLoca.BusinnesLogic.Teste\FilmeTeste.cs:line 59
</StackTrace>
        </ErrorInfo>
      </Output>
    </UnitTestResult>
    <UnitTestResult executionId="8e69835f-9ebb-438b-87e9-0d5362d64073" testId="90f29b99-d62c-356e-4b2e-273dcc86a936" testName="AtualizarFilmeTeste" computerName="DES60-DGM" duration="00:00:01.6921459" startTime="2012-03-29T23:04:28.2102889-03:00" endTime="2012-03-29T23:04:29.9173866-03:00" testType="13cdc9d9-ddb5-4fa4-a97d-d965ccfc6d4b" outcome="Failed" testListId="8c84fa94-04c1-424b-9868-57a2d4851a1d" relativeResultsDirectory="8e69835f-9ebb-438b-87e9-0d5362d64073">
      <Output>
        <ErrorInfo>
          <Message>Test method SistemaLoca.BusinnesLogic.Teste.FilmeTeste.AtualizarFilmeTeste threw exception: 
System.NullReferenceException: Object reference not set to an instance of an object.</Message>
          <StackTrace>    at SistemaLoca.BusinnesLogic.Teste.FilmeTeste.AtualizarFilmeTeste() in D:\el\locadora\SistemaLoca\SistemaLoca.BusinnesLogic.Teste\FilmeTeste.cs:line 66
</StackTrace>
        </ErrorInfo>
      </Output>
    </UnitTestResult>
    <UnitTestResult executionId="3082125b-4ab8-4134-873b-dcf4e2c094c3" testId="c20d63fb-5063-ddc9-65c2-a7e6815a3756" testName="RemoverFilmeTeste" computerName="DES60-DGM" duration="00:00:01.4685852" startTime="2012-03-29T23:04:29.9353876-03:00" endTime="2012-03-29T23:04:31.4224726-03:00" testType="13cdc9d9-ddb5-4fa4-a97d-d965ccfc6d4b" outcome="Failed" testListId="8c84fa94-04c1-424b-9868-57a2d4851a1d" relativeResultsDirectory="3082125b-4ab8-4134-873b-dcf4e2c094c3">
      <Output>
        <ErrorInfo>
          <Message>Test method SistemaLoca.BusinnesLogic.Teste.FilmeTeste.RemoverFilmeTeste threw exception: 
System.ArgumentNullException: Value cannot be null.
Parameter name: entity</Message>
          <StackTrace>    at System.Data.Entity.ModelConfiguration.Utilities.RuntimeFailureMethods.ReportFailure(ContractFailureKind contractFailureKind, String userMessage, String conditionText, Exception innerException)
   at System.Data.Entity.DbContext.Entry[TEntity](TEntity entity)
   at SistemaLoca.BusinnesLogic.Repositorio.ControleAcervo.Repository`1.Delete(TEntity entityToDelete_) in D:\el\locadora\SistemaLoca\SistemaLoca.BusinnesLogic\Repositorio\Repository.cs:line 92
   at SistemaLoca.BusinnesLogic.Teste.FilmeTeste.RemoverFilmeTeste() in D:\el\locadora\SistemaLoca\SistemaLoca.BusinnesLogic.Teste\FilmeTeste.cs:line 76
</StackTrace>
        </ErrorInfo>
      </Output>
    </UnitTestResult>
  </Results>
</TestRun>