<?xml version="1.0" encoding="UTF-8"?>
<TestRun id="882963e0-0d37-4369-8d32-5818c1597bf4" name="apoio@DES60-DGM 2012-03-29 23:16:59" runUser="des60-dgm\apoio" xmlns="http://microsoft.com/schemas/VisualStudio/TeamTest/2010">
  <TestSettings name="Local" id="0a3deafb-a919-4f94-9df5-6cda4eec66d9">
    <Description>These are default test settings for a local test run.</Description>
    <Deployment enabled="false" runDeploymentRoot="apoio_DES60-DGM 2012-03-29 23_16_59">
      <DeploymentItem filename="D:\el\locadora\SistemaLoca\SistemaLoca.BusinnesLogic\bin\Debug\SistemaLoca.BusinnesLogic.dll" />
    </Deployment>
    <Execution>
      <TestTypeSpecific />
      <AgentRule name="Execution Agents">
      </AgentRule>
    </Execution>
  </TestSettings>
  <Times creation="2012-03-29T23:16:59.9732873-03:00" queuing="2012-03-29T23:17:01.1273533-03:00" start="2012-03-29T23:17:01.2833622-03:00" finish="2012-03-29T23:19:00.4711794-03:00" />
  <ResultSummary outcome="Error">
    <Counters total="5" executed="4" error="0" failed="3" timeout="0" aborted="1" inconclusive="0" passedButRunAborted="0" notRunnable="0" notExecuted="1" disconnected="0" warning="0" passed="0" completed="0" inProgress="0" pending="0" />
    <RunInfos>
      <RunInfo computerName="DES60-DGM" outcome="Error" timestamp="2012-03-29T23:19:00.4671792-03:00">
        <Text>Test host process exited unexpectedly.</Text>
      </RunInfo>
    </RunInfos>
  </ResultSummary>
  <TestDefinitions>
    <UnitTest name="RemoverFilmeTeste" storage="d:\el\locadora\sistemaloca\sistemaloca.businneslogic.teste\bin\debug\sistemaloca.businneslogic.teste.dll" id="c20d63fb-5063-ddc9-65c2-a7e6815a3756">
      <Execution id="aba0d54f-6308-4703-ba78-7e27aec0325d" />
      <TestMethod codeBase="D:/el/locadora/SistemaLoca/SistemaLoca.BusinnesLogic.Teste/bin/Debug/SistemaLoca.BusinnesLogic.Teste.DLL" adapterTypeName="Microsoft.VisualStudio.TestTools.TestTypes.Unit.UnitTestAdapter, Microsoft.VisualStudio.QualityTools.Tips.UnitTest.Adapter, Version=10.0.0.0, Culture=neutral, PublicKeyToken=b03f5f7f11d50a3a" className="SistemaLoca.BusinnesLogic.Teste.FilmeTeste, SistemaLoca.BusinnesLogic.Teste, Version=1.0.0.0, Culture=neutral, PublicKeyToken=null" name="RemoverFilmeTeste" />
    </UnitTest>
    <UnitTest name="InserirFilmeTeste" storage="d:\el\locadora\sistemaloca\sistemaloca.businneslogic.teste\bin\debug\sistemaloca.businneslogic.teste.dll" id="a97a00e4-0e8f-7abb-5b96-b3b4ef73d13c">
      <Execution id="fe4e9fb3-cf3f-4b50-b8c5-f4119dd6f8bc" />
      <TestMethod codeBase="D:/el/locadora/SistemaLoca/SistemaLoca.BusinnesLogic.Teste/bin/Debug/SistemaLoca.BusinnesLogic.Teste.DLL" adapterTypeName="Microsoft.VisualStudio.TestTools.TestTypes.Unit.UnitTestAdapter, Microsoft.VisualStudio.QualityTools.Tips.UnitTest.Adapter, Version=10.0.0.0, Culture=neutral, PublicKeyToken=b03f5f7f11d50a3a" className="SistemaLoca.BusinnesLogic.Teste.FilmeTeste, SistemaLoca.BusinnesLogic.Teste, Version=1.0.0.0, Culture=neutral, PublicKeyToken=null" name="InserirFilmeTeste" />
    </UnitTest>
    <UnitTest name="ConsultarFilmePorIdTeste" storage="d:\el\locadora\sistemaloca\sistemaloca.businneslogic.teste\bin\debug\sistemaloca.businneslogic.teste.dll" id="a9eb9ad8-2dcd-5488-c554-b1353bd46ba8">
      <Execution id="a7ccdba6-8960-4c13-921f-e3504195c0c7" />
      <TestMethod codeBase="D:/el/locadora/SistemaLoca/SistemaLoca.BusinnesLogic.Teste/bin/Debug/SistemaLoca.BusinnesLogic.Teste.DLL" adapterTypeName="Microsoft.VisualStudio.TestTools.TestTypes.Unit.UnitTestAdapter, Microsoft.VisualStudio.QualityTools.Tips.UnitTest.Adapter, Version=10.0.0.0, Culture=neutral, PublicKeyToken=b03f5f7f11d50a3a" className="SistemaLoca.BusinnesLogic.Teste.FilmeTeste, SistemaLoca.BusinnesLogic.Teste, Version=1.0.0.0, Culture=neutral, PublicKeyToken=null" name="ConsultarFilmePorIdTeste" />
    </UnitTest>
    <UnitTest name="AtualizarFilmeTeste" storage="d:\el\locadora\sistemaloca\sistemaloca.businneslogic.teste\bin\debug\sistemaloca.businneslogic.teste.dll" id="90f29b99-d62c-356e-4b2e-273dcc86a936">
      <Execution id="7ba03c05-d7de-4fbd-a3d3-22fb80a18176" />
      <TestMethod codeBase="D:/el/locadora/SistemaLoca/SistemaLoca.BusinnesLogic.Teste/bin/Debug/SistemaLoca.BusinnesLogic.Teste.DLL" adapterTypeName="Microsoft.VisualStudio.TestTools.TestTypes.Unit.UnitTestAdapter, Microsoft.VisualStudio.QualityTools.Tips.UnitTest.Adapter, Version=10.0.0.0, Culture=neutral, PublicKeyToken=b03f5f7f11d50a3a" className="SistemaLoca.BusinnesLogic.Teste.FilmeTeste, SistemaLoca.BusinnesLogic.Teste, Version=1.0.0.0, Culture=neutral, PublicKeyToken=null" name="AtualizarFilmeTeste" />
    </UnitTest>
    <UnitTest name="ConsultarFilmePorTituloTeste" storage="d:\el\locadora\sistemaloca\sistemaloca.businneslogic.teste\bin\debug\sistemaloca.businneslogic.teste.dll" id="39e625ce-1dac-a815-adeb-a2aa51b5a253">
      <Execution id="f9688d2c-c6e8-4c7b-8297-7f90bbc884e2" />
      <TestMethod codeBase="D:/el/locadora/SistemaLoca/SistemaLoca.BusinnesLogic.Teste/bin/Debug/SistemaLoca.BusinnesLogic.Teste.DLL" adapterTypeName="Microsoft.VisualStudio.TestTools.TestTypes.Unit.UnitTestAdapter, Microsoft.VisualStudio.QualityTools.Tips.UnitTest.Adapter, Version=10.0.0.0, Culture=neutral, PublicKeyToken=b03f5f7f11d50a3a" className="SistemaLoca.BusinnesLogic.Teste.FilmeTeste, SistemaLoca.BusinnesLogic.Teste, Version=1.0.0.0, Culture=neutral, PublicKeyToken=null" name="ConsultarFilmePorTituloTeste" />
    </UnitTest>
  </TestDefinitions>
  <TestLists>
    <TestList name="Results Not in a List" id="8c84fa94-04c1-424b-9868-57a2d4851a1d" />
    <TestList name="All Loaded Results" id="19431567-8539-422a-85d7-44ee4e166bda" />
  </TestLists>
  <TestEntries>
    <TestEntry testId="a97a00e4-0e8f-7abb-5b96-b3b4ef73d13c" executionId="fe4e9fb3-cf3f-4b50-b8c5-f4119dd6f8bc" testListId="8c84fa94-04c1-424b-9868-57a2d4851a1d" />
    <TestEntry testId="39e625ce-1dac-a815-adeb-a2aa51b5a253" executionId="f9688d2c-c6e8-4c7b-8297-7f90bbc884e2" testListId="8c84fa94-04c1-424b-9868-57a2d4851a1d" />
    <TestEntry testId="a9eb9ad8-2dcd-5488-c554-b1353bd46ba8" executionId="a7ccdba6-8960-4c13-921f-e3504195c0c7" testListId="8c84fa94-04c1-424b-9868-57a2d4851a1d" />
    <TestEntry testId="90f29b99-d62c-356e-4b2e-273dcc86a936" executionId="7ba03c05-d7de-4fbd-a3d3-22fb80a18176" testListId="8c84fa94-04c1-424b-9868-57a2d4851a1d" />
    <TestEntry testId="c20d63fb-5063-ddc9-65c2-a7e6815a3756" executionId="aba0d54f-6308-4703-ba78-7e27aec0325d" testListId="8c84fa94-04c1-424b-9868-57a2d4851a1d" />
  </TestEntries>
  <Results>
    <UnitTestResult executionId="fe4e9fb3-cf3f-4b50-b8c5-f4119dd6f8bc" testId="a97a00e4-0e8f-7abb-5b96-b3b4ef73d13c" testName="InserirFilmeTeste" computerName="DES60-DGM" duration="00:01:34.1534952" startTime="2012-03-29T23:17:01.4433714-03:00" endTime="2012-03-29T23:18:36.4128033-03:00" testType="13cdc9d9-ddb5-4fa4-a97d-d965ccfc6d4b" outcome="Failed" testListId="8c84fa94-04c1-424b-9868-57a2d4851a1d" relativeResultsDirectory="fe4e9fb3-cf3f-4b50-b8c5-f4119dd6f8bc">
      <Output>
        <ErrorInfo>
          <Message>Test method SistemaLoca.BusinnesLogic.Teste.FilmeTeste.InserirFilmeTeste threw exception: 
System.InvalidOperationException: The model backing the 'SistemaLocaDBContext' context has changed since the database was created. Either manually delete/update the database, or call Database.SetInitializer with an IDatabaseInitializer instance. For example, the DropCreateDatabaseIfModelChanges strategy will automatically delete and recreate the database, and optionally seed it with new data.</Message>
          <StackTrace>    at System.Data.Entity.CreateDatabaseIfNotExists`1.InitializeDatabase(TContext context)
   at System.Data.Entity.Internal.InternalContext.&lt;&gt;c__DisplayClass5.&lt;PerformDatabaseInitialization&gt;b__3()
   at System.Data.Entity.Internal.InternalContext.PerformInitializationAction(Action action)
   at System.Data.Entity.Internal.InternalContext.PerformDatabaseInitialization()
   at System.Data.Entity.Internal.LazyInternalContext.&lt;InitializeDatabase&gt;b__4(InternalContext c)
   at System.Data.Entity.Internal.RetryAction`1.PerformAction(TInput input)
   at System.Data.Entity.Internal.LazyInternalContext.InitializeDatabaseAction(Action`1 action)
   at System.Data.Entity.Internal.LazyInternalContext.InitializeDatabase()
   at System.Data.Entity.Internal.InternalContext.GetEntitySetAndBaseTypeForType(Type entityType)
   at System.Data.Entity.Internal.Linq.InternalSet`1.Initialize()
   at System.Data.Entity.Internal.Linq.InternalSet`1.get_InternalContext()
   at System.Data.Entity.Internal.Linq.InternalSet`1.ActOnSet(Action action, EntityState newState, Object entity, String methodName)
   at System.Data.Entity.Internal.Linq.InternalSet`1.Add(Object entity)
   at System.Data.Entity.DbSet`1.Add(TEntity entity)
   at SistemaLoca.BusinnesLogic.Repositorio.ControleAcervo.Repository`1.Insert(TEntity entity_) in D:\el\locadora\SistemaLoca\SistemaLoca.BusinnesLogic\Repositorio\Repository.cs:line 81
   at SistemaLoca.BusinnesLogic.Teste.FilmeTeste.InserirFilmeTeste() in D:\el\locadora\SistemaLoca\SistemaLoca.BusinnesLogic.Teste\FilmeTeste.cs:line 38
</StackTrace>
        </ErrorInfo>
      </Output>
    </UnitTestResult>
    <UnitTestResult executionId="f9688d2c-c6e8-4c7b-8297-7f90bbc884e2" testId="39e625ce-1dac-a815-adeb-a2aa51b5a253" testName="ConsultarFilmePorTituloTeste" computerName="DES60-DGM" duration="00:00:08.5572718" startTime="2012-03-29T23:18:36.4238040-03:00" endTime="2012-03-29T23:18:44.9932941-03:00" testType="13cdc9d9-ddb5-4fa4-a97d-d965ccfc6d4b" outcome="Failed" testListId="8c84fa94-04c1-424b-9868-57a2d4851a1d" relativeResultsDirectory="f9688d2c-c6e8-4c7b-8297-7f90bbc884e2">
      <Output>
        <ErrorInfo>
          <Message>Test method SistemaLoca.BusinnesLogic.Teste.FilmeTeste.ConsultarFilmePorTituloTeste threw exception: 
System.InvalidOperationException: The model backing the 'SistemaLocaDBContext' context has changed since the database was created. Either manually delete/update the database, or call Database.SetInitializer with an IDatabaseInitializer instance. For example, the DropCreateDatabaseIfModelChanges strategy will automatically delete and recreate the database, and optionally seed it with new data.</Message>
          <StackTrace>    at System.Data.Entity.CreateDatabaseIfNotExists`1.InitializeDatabase(TContext context)
   at System.Data.Entity.Internal.InternalContext.&lt;&gt;c__DisplayClass5.&lt;PerformDatabaseInitialization&gt;b__3()
   at System.Data.Entity.Internal.InternalContext.PerformInitializationAction(Action action)
   at System.Data.Entity.Internal.InternalContext.PerformDatabaseInitialization()
   at System.Data.Entity.Internal.LazyInternalContext.&lt;InitializeDatabase&gt;b__4(InternalContext c)
   at System.Data.Entity.Internal.RetryAction`1.PerformAction(TInput input)
   at System.Data.Entity.Internal.LazyInternalContext.InitializeDatabaseAction(Action`1 action)
   at System.Data.Entity.Internal.LazyInternalContext.InitializeDatabase()
   at System.Data.Entity.Internal.InternalContext.GetEntitySetAndBaseTypeForType(Type entityType)
   at System.Data.Entity.Internal.Linq.InternalSet`1.Initialize()
   at System.Data.Entity.Internal.Linq.InternalSet`1.get_InternalContext()
   at System.Data.Entity.Infrastructure.DbQuery`1.System.Linq.IQueryable.get_Provider()
   at System.Linq.Queryable.Where[TSource](IQueryable`1 source, Expression`1 predicate)
   at SistemaLoca.BusinnesLogic.Repositorio.ControleAcervo.FilmeRepository.getFilmesPorTitulo(String titulo) in D:\el\locadora\SistemaLoca\SistemaLoca.BusinnesLogic\Repositorio\ControleAcervo\FilmeRepository.cs:line 21
   at SistemaLoca.BusinnesLogic.Teste.FilmeTeste.ConsultarFilmePorTituloTeste() in D:\el\locadora\SistemaLoca\SistemaLoca.BusinnesLogic.Teste\FilmeTeste.cs:line 49
</StackTrace>
        </ErrorInfo>
      </Output>
    </UnitTestResult>
    <UnitTestResult executionId="a7ccdba6-8960-4c13-921f-e3504195c0c7" testId="a9eb9ad8-2dcd-5488-c554-b1353bd46ba8" testName="ConsultarFilmePorIdTeste" computerName="DES60-DGM" duration="00:00:02.1492029" startTime="2012-03-29T23:18:45.0022946-03:00" endTime="2012-03-29T23:18:47.1844194-03:00" testType="13cdc9d9-ddb5-4fa4-a97d-d965ccfc6d4b" outcome="Failed" testListId="8c84fa94-04c1-424b-9868-57a2d4851a1d" relativeResultsDirectory="a7ccdba6-8960-4c13-921f-e3504195c0c7">
      <Output>
        <ErrorInfo>
          <Message>Test method SistemaLoca.BusinnesLogic.Teste.FilmeTeste.ConsultarFilmePorIdTeste threw exception: 
System.InvalidOperationException: The model backing the 'SistemaLocaDBContext' context has changed since the database was created. Either manually delete/update the database, or call Database.SetInitializer with an IDatabaseInitializer instance. For example, the DropCreateDatabaseIfModelChanges strategy will automatically delete and recreate the database, and optionally seed it with new data.</Message>
          <StackTrace>    at System.Data.Entity.CreateDatabaseIfNotExists`1.InitializeDatabase(TContext context)
   at System.Data.Entity.Internal.InternalContext.&lt;&gt;c__DisplayClass5.&lt;PerformDatabaseInitialization&gt;b__3()
   at System.Data.Entity.Internal.InternalContext.PerformInitializationAction(Action action)
   at System.Data.Entity.Internal.InternalContext.PerformDatabaseInitialization()
   at System.Data.Entity.Internal.LazyInternalContext.&lt;InitializeDatabase&gt;b__4(InternalContext c)
   at System.Data.Entity.Internal.RetryAction`1.PerformAction(TInput input)
   at System.Data.Entity.Internal.LazyInternalContext.InitializeDatabaseAction(Action`1 action)
   at System.Data.Entity.Internal.LazyInternalContext.InitializeDatabase()
   at System.Data.Entity.Internal.InternalContext.GetEntitySetAndBaseTypeForType(Type entityType)
   at System.Data.Entity.Internal.Linq.InternalSet`1.Initialize()
   at System.Data.Entity.Internal.Linq.InternalSet`1.get_InternalContext()
   at System.Data.Entity.Internal.Linq.InternalSet`1.Find(Object[] keyValues)
   at System.Data.Entity.DbSet`1.Find(Object[] keyValues)
   at SistemaLoca.BusinnesLogic.Repositorio.ControleAcervo.Repository`1.GetByID(Object id_) in D:\el\locadora\SistemaLoca\SistemaLoca.BusinnesLogic\Repositorio\Repository.cs:line 75
   at SistemaLoca.BusinnesLogic.Teste.FilmeTeste.ConsultarFilmePorIdTeste() in D:\el\locadora\SistemaLoca\SistemaLoca.BusinnesLogic.Teste\FilmeTeste.cs:line 58
</StackTrace>
        </ErrorInfo>
      </Output>
    </UnitTestResult>
    <UnitTestResult executionId="7ba03c05-d7de-4fbd-a3d3-22fb80a18176" testId="90f29b99-d62c-356e-4b2e-273dcc86a936" testName="AtualizarFilmeTeste" computerName="DES60-DGM" duration="00:00:13.2717591" startTime="2012-03-29T23:18:47.1984202-03:00" endTime="2012-03-29T23:19:00.4701793-03:00" testType="13cdc9d9-ddb5-4fa4-a97d-d965ccfc6d4b" outcome="Aborted" testListId="8c84fa94-04c1-424b-9868-57a2d4851a1d" relativeResultsDirectory="7ba03c05-d7de-4fbd-a3d3-22fb80a18176">
    </UnitTestResult>
    <UnitTestResult executionId="aba0d54f-6308-4703-ba78-7e27aec0325d" testId="c20d63fb-5063-ddc9-65c2-a7e6815a3756" testName="RemoverFilmeTeste" computerName="DES60-DGM" testType="13cdc9d9-ddb5-4fa4-a97d-d965ccfc6d4b" outcome="NotExecuted" testListId="8c84fa94-04c1-424b-9868-57a2d4851a1d" relativeResultsDirectory="aba0d54f-6308-4703-ba78-7e27aec0325d">
    </UnitTestResult>
  </Results>
</TestRun>